{"message": "AnonymousUser connected /posts/", "timestamp": "2023-04-16T15:01:28.982808Z", "level": "INFO"}
{"message": "admin signed up.", "timestamp": "2023-04-16T15:02:09.498789Z", "level": "INFO"}
{"message": "admin connected /posts/", "timestamp": "2023-04-16T15:02:09.544201Z", "level": "INFO"}
{"message": "admin sent a feedback!", "timestamp": "2023-04-16T15:02:23.156540Z", "level": "INFO"}
{"message": "admin connected /profile/", "timestamp": "2023-04-16T15:02:59.427110Z", "level": "INFO"}
{"message": "admin connected /posts/", "timestamp": "2023-04-16T15:03:03.282975Z", "level": "INFO"}
{"message": "admin connected /profile/", "timestamp": "2023-04-16T15:03:04.585618Z", "level": "INFO"}
{"message": "AnonymousUser connected /posts/", "timestamp": "2023-04-25T11:07:56.195514Z", "level": "INFO"}
{"message": "admin logged in.", "timestamp": "2023-04-25T11:08:01.237700Z", "level": "INFO"}
{"message": "admin connected /posts/", "timestamp": "2023-04-25T11:08:01.276101Z", "level": "INFO"}
{"message": "admin connected /profile/", "timestamp": "2023-04-25T11:08:02.678941Z", "level": "INFO"}
{"message": "admin connected /posts/", "timestamp": "2023-04-25T11:08:08.728182Z", "level": "INFO"}
{"message": "admin connected /profile/", "timestamp": "2023-04-25T11:08:26.439232Z", "level": "INFO"}
{"message": "admin:'image'", "timestamp": "2023-04-25T11:08:31.139001Z", "level": "ERROR"}
{"message": "admin updated profile.", "timestamp": "2023-04-25T11:08:47.595785Z", "level": "INFO"}
{"message": "admin connected /profile/", "timestamp": "2023-04-25T11:08:49.089966Z", "level": "INFO"}
{"message": "admin connected /posts/", "timestamp": "2023-04-25T11:08:58.078078Z", "level": "INFO"}
{"message": "admin connected /posts/", "timestamp": "2023-04-25T11:09:01.099186Z", "level": "INFO"}
{"message": "admin connected /posts/", "timestamp": "2023-04-25T11:09:06.908282Z", "level": "INFO"}
{"message": "admin connected /posts/", "timestamp": "2023-04-25T11:25:08.503062Z", "level": "INFO"}
{"message": "admin connected /posts/", "timestamp": "2023-04-25T11:40:30.700668Z", "level": "INFO"}
{"message": "admin created post My first post", "timestamp": "2023-04-25T11:41:07.387119Z", "level": "INFO"}
{"message": "admin connected /posts/", "timestamp": "2023-04-25T11:41:07.417119Z", "level": "INFO"}
{"message": "admin connected /posts/", "timestamp": "2023-04-25T11:41:12.003991Z", "level": "INFO"}
{"message": "admin connected /posts/", "timestamp": "2023-04-25T11:41:12.656689Z", "level": "INFO"}
{"message": "admin connected /posts/", "timestamp": "2023-04-25T11:41:13.193505Z", "level": "INFO"}
{"message": "admin connected /posts/", "timestamp": "2023-04-25T11:41:47.775362Z", "level": "INFO"}
{"message": "admin connected /posts/", "timestamp": "2023-04-25T11:41:48.930313Z", "level": "INFO"}
{"message": "admin connected /posts/", "timestamp": "2023-04-25T11:41:49.198167Z", "level": "INFO"}
{"message": "admin connected /posts/", "timestamp": "2023-04-25T11:41:49.385421Z", "level": "INFO"}
{"message": "admin created post 1", "timestamp": "2023-04-25T11:41:56.090478Z", "level": "INFO"}
{"message": "admin connected /posts/", "timestamp": "2023-04-25T11:41:56.108475Z", "level": "INFO"}
{"message": "admin connected /posts/", "timestamp": "2023-04-25T11:41:58.006969Z", "level": "INFO"}
{"message": "admin connected /posts/", "timestamp": "2023-04-25T11:42:43.359153Z", "level": "INFO"}
{"message": "admin connected /posts/", "timestamp": "2023-04-25T11:42:43.927228Z", "level": "INFO"}
{"message": "admin connected /posts/", "timestamp": "2023-04-25T11:42:44.864850Z", "level": "INFO"}
{"message": "admin connected /posts/", "timestamp": "2023-04-25T11:42:45.062836Z", "level": "INFO"}
{"message": "admin connected /posts/", "timestamp": "2023-04-25T11:42:45.278868Z", "level": "INFO"}
{"message": "admin connected /posts/", "timestamp": "2023-04-25T11:42:45.481962Z", "level": "INFO"}
{"message": "admin connected /posts/", "timestamp": "2023-04-25T11:42:45.654990Z", "level": "INFO"}
{"message": "admin connected /posts/", "timestamp": "2023-04-25T11:42:45.829989Z", "level": "INFO"}
{"message": "admin connected /posts/", "timestamp": "2023-04-25T11:42:46.030989Z", "level": "INFO"}
{"message": "admin connected /posts/", "timestamp": "2023-04-25T11:42:46.213989Z", "level": "INFO"}
{"message": "admin connected /posts/", "timestamp": "2023-04-25T11:42:46.398989Z", "level": "INFO"}
{"message": "admin connected /posts/", "timestamp": "2023-04-25T11:42:46.590990Z", "level": "INFO"}
{"message": "admin connected /posts/", "timestamp": "2023-04-25T11:42:46.775990Z", "level": "INFO"}
{"message": "admin connected /posts/", "timestamp": "2023-04-25T11:42:46.977989Z", "level": "INFO"}
{"message": "admin connected /posts/", "timestamp": "2023-04-25T11:42:47.149639Z", "level": "INFO"}
{"message": "admin connected /posts/", "timestamp": "2023-04-25T11:42:47.377016Z", "level": "INFO"}
{"message": "admin connected /posts/", "timestamp": "2023-04-25T11:42:47.582025Z", "level": "INFO"}
{"message": "admin connected /posts/", "timestamp": "2023-04-25T11:42:48.231855Z", "level": "INFO"}
{"message": "admin connected /posts/", "timestamp": "2023-04-25T11:43:13.858331Z", "level": "INFO"}
{"message": "admin connected /posts/", "timestamp": "2023-04-25T11:43:17.445904Z", "level": "INFO"}
{"message": "admin connected /posts/", "timestamp": "2023-04-25T11:43:18.153173Z", "level": "INFO"}
{"message": "admin connected /posts/", "timestamp": "2023-04-25T11:43:18.802939Z", "level": "INFO"}
{"message": "admin connected /posts/", "timestamp": "2023-04-25T11:43:19.420836Z", "level": "INFO"}
{"message": "admin connected /posts/1-2/", "timestamp": "2023-04-25T11:43:20.035206Z", "level": "INFO"}
{"message": "admin deleted post 1", "timestamp": "2023-04-25T11:43:21.535377Z", "level": "INFO"}
{"message": "admin connected /posts/", "timestamp": "2023-04-25T11:43:21.555227Z", "level": "INFO"}
{"message": "admin connected /posts/", "timestamp": "2023-04-25T11:43:35.652163Z", "level": "INFO"}
{"message": "admin connected /posts/", "timestamp": "2023-04-25T11:43:36.245665Z", "level": "INFO"}
{"message": "admin connected /posts/", "timestamp": "2023-04-25T11:43:36.827652Z", "level": "INFO"}
{"message": "admin connected /posts/", "timestamp": "2023-04-25T11:43:37.193345Z", "level": "INFO"}
{"message": "admin connected /posts/", "timestamp": "2023-04-25T11:43:37.425046Z", "level": "INFO"}
{"message": "admin connected /posts/", "timestamp": "2023-04-25T11:43:37.663271Z", "level": "INFO"}
{"message": "admin connected /posts/", "timestamp": "2023-04-25T11:43:37.894407Z", "level": "INFO"}
{"message": "admin connected /posts/", "timestamp": "2023-04-25T11:43:38.193845Z", "level": "INFO"}
{"message": "admin connected /posts/", "timestamp": "2023-04-25T11:43:38.479289Z", "level": "INFO"}
{"message": "admin connected /posts/my-first-post-1/", "timestamp": "2023-04-25T11:43:41.172335Z", "level": "INFO"}
{"message": "admin deleted post My first post", "timestamp": "2023-04-25T11:43:42.405805Z", "level": "INFO"}
{"message": "admin connected /posts/", "timestamp": "2023-04-25T11:43:42.438804Z", "level": "INFO"}
{"message": "admin connected /posts/", "timestamp": "2023-04-25T11:43:43.473501Z", "level": "INFO"}
{"message": "admin connected /posts/", "timestamp": "2023-04-25T11:43:43.979304Z", "level": "INFO"}
{"message": "admin connected /posts/", "timestamp": "2023-04-25T11:43:44.218302Z", "level": "INFO"}
{"message": "admin connected /posts/", "timestamp": "2023-04-25T11:43:44.409972Z", "level": "INFO"}
{"message": "admin connected /posts/", "timestamp": "2023-04-25T11:43:44.843464Z", "level": "INFO"}
{"message": "admin connected /posts/", "timestamp": "2023-04-25T11:44:29.870211Z", "level": "INFO"}
{"message": "admin created post 1", "timestamp": "2023-04-25T11:44:35.472952Z", "level": "INFO"}
{"message": "admin connected /posts/", "timestamp": "2023-04-25T11:44:35.494923Z", "level": "INFO"}
{"message": "admin connected /posts/", "timestamp": "2023-04-25T11:44:37.257086Z", "level": "INFO"}
{"message": "admin connected /posts/", "timestamp": "2023-04-25T12:09:21.764331Z", "level": "INFO"}
{"message": "admin created post 2", "timestamp": "2023-04-25T12:09:37.024152Z", "level": "INFO"}
{"message": "admin connected /posts/", "timestamp": "2023-04-25T12:09:37.046150Z", "level": "INFO"}
{"message": "admin connected /posts/", "timestamp": "2023-04-25T12:09:39.978756Z", "level": "INFO"}
{"message": "admin connected /posts/", "timestamp": "2023-04-25T12:09:50.000604Z", "level": "INFO"}
{"message": "admin connected /posts/", "timestamp": "2023-04-25T12:09:50.451942Z", "level": "INFO"}
{"message": "admin connected /posts/", "timestamp": "2023-04-25T12:09:51.163989Z", "level": "INFO"}
{"message": "admin connected /posts/", "timestamp": "2023-04-25T13:34:18.858417Z", "level": "INFO"}
{"message": "admin connected /profile/", "timestamp": "2023-04-25T13:34:29.557576Z", "level": "INFO"}
{"message": "admin connected /posts/", "timestamp": "2023-04-25T13:41:02.917400Z", "level": "INFO"}
{"message": "admin connected /posts/1-1/", "timestamp": "2023-04-25T13:41:05.564972Z", "level": "INFO"}
{"message": "admin connected /posts/1-1/", "timestamp": "2023-04-25T13:41:20.607005Z", "level": "INFO"}
{"message": "admin connected /posts/1-1/", "timestamp": "2023-04-25T13:41:21.083838Z", "level": "INFO"}
{"message": "admin connected /posts/1-1/", "timestamp": "2023-04-25T13:41:21.537708Z", "level": "INFO"}
{"message": "admin connected /posts/1-1/", "timestamp": "2023-04-25T13:41:21.793618Z", "level": "INFO"}
{"message": "admin updated post 3", "timestamp": "2023-04-25T13:41:25.852633Z", "level": "INFO"}
{"message": "admin connected /posts/1-1/", "timestamp": "2023-04-25T13:41:26.404263Z", "level": "INFO"}
{"message": "admin connected /posts/1-1/", "timestamp": "2023-04-25T13:41:27.941343Z", "level": "INFO"}
{"message": "admin connected /posts/1-1/", "timestamp": "2023-04-25T13:41:28.480572Z", "level": "INFO"}
{"message": "admin connected /posts/1-1/", "timestamp": "2023-04-25T13:41:29.467952Z", "level": "INFO"}
{"message": "admin connected /posts/1-1/", "timestamp": "2023-04-25T13:41:29.819978Z", "level": "INFO"}
{"message": "admin connected /posts/1-1/", "timestamp": "2023-04-25T13:41:30.048972Z", "level": "INFO"}
{"message": "admin connected /posts/1-1/", "timestamp": "2023-04-25T13:41:30.547017Z", "level": "INFO"}
{"message": "admin connected /posts/1-1/", "timestamp": "2023-04-25T13:41:30.903629Z", "level": "INFO"}
{"message": "admin connected /posts/1-1/", "timestamp": "2023-04-25T13:41:31.201916Z", "level": "INFO"}
{"message": "admin connected /posts/1-1/", "timestamp": "2023-04-25T13:41:31.585996Z", "level": "INFO"}
{"message": "admin connected /posts/1-1/", "timestamp": "2023-04-25T13:42:09.961745Z", "level": "INFO"}
{"message": "admin connected /posts/", "timestamp": "2023-04-25T13:44:42.832046Z", "level": "INFO"}
{"message": "admin connected /posts/", "timestamp": "2023-04-25T13:45:23.419464Z", "level": "INFO"}
{"message": "admin sent a feedback!", "timestamp": "2023-04-25T13:58:48.237862Z", "level": "INFO"}
{"message": "admin connected /posts/", "timestamp": "2023-04-25T13:59:51.447842Z", "level": "INFO"}
{"message": "admin connected /posts/", "timestamp": "2023-04-25T14:40:38.113185Z", "level": "INFO"}
{"message": "admin connected /posts/", "timestamp": "2023-04-25T14:40:38.779071Z", "level": "INFO"}
{"message": "admin connected /profile/", "timestamp": "2023-04-25T14:40:44.462263Z", "level": "INFO"}
{"message": "admin connected /profile/", "timestamp": "2023-04-25T14:40:45.877907Z", "level": "INFO"}
{"message": "admin searched <something>", "timestamp": "2023-04-25T14:41:59.201456Z", "level": "INFO"}
{"message": "admin connected /posts/", "timestamp": "2023-04-25T14:42:01.225770Z", "level": "INFO"}
{"message": "admin searched <1>", "timestamp": "2023-04-25T14:42:02.239335Z", "level": "INFO"}
{"message": "admin connected /posts/", "timestamp": "2023-04-25T14:42:03.765477Z", "level": "INFO"}
{"message": "admin searched <2>", "timestamp": "2023-04-25T14:42:05.159390Z", "level": "INFO"}
{"message": "admin connected /posts/", "timestamp": "2023-04-25T14:42:06.356607Z", "level": "INFO"}
{"message": "admin connected /posts/", "timestamp": "2023-04-25T14:42:27.908376Z", "level": "INFO"}
{"message": "admin connected /profile/", "timestamp": "2023-04-25T14:42:38.902748Z", "level": "INFO"}
{"message": "admin connected /profile/my-followers/.", "timestamp": "2023-04-25T14:42:44.573144Z", "level": "INFO"}
{"message": "admin connected /posts/", "timestamp": "2023-04-25T14:42:50.180621Z", "level": "INFO"}
